{"level":"warn","message":"Invalid Token on request: /login/verify","timestamp":"2:01:23 AM"}
{"level":"warn","message":"Invalid Token on request: /login/verify","timestamp":"2:01:38 AM"}
{"level":"warn","message":"Invalid Token on request: /login/verify","timestamp":"2:02:20 AM"}
{"level":"info","message":"Login: niek.heezemans@frontmen.nl logged in","timestamp":"2:14:48 AM"}
{"level":"info","message":"Passport: niek.heezemans@frontmen.nl requested an API","timestamp":"2:28:25 AM"}
{"level":"info","message":"Passport: niek.heezemans@frontmen.nl requested an API","timestamp":"2:28:47 AM"}
{"level":"info","message":"Passport: niek.heezemans@frontmen.nl requested an API","timestamp":"2:29:31 AM"}
{"level":"info","message":"Passport: niek.heezemans@frontmen.nl requested an API","timestamp":"2:31:10 AM"}
{"level":"info","message":"Passport: niek.heezemans@frontmen.nl requested an API","timestamp":"2:33:52 AM"}
{"level":"info","message":"Passport: niek.heezemans@frontmen.nl requested an API","timestamp":"2:34:11 AM"}
{"level":"info","message":"Passport: niek.heezemans@frontmen.nl requested an API","timestamp":"2:35:37 AM"}
{"level":"info","message":"Passport: niek.heezemans@frontmen.nl requested an API","timestamp":"2:36:07 AM"}
{"level":"info","message":"Passport: niek.heezemans@frontmen.nl requested an API","timestamp":"2:36:50 AM"}
{"level":"info","message":"Login: niek.heezemans@frontmen.nl logged in","timestamp":"2:42:47 AM"}
{"level":"info","message":"Login: niek.heezemans@frontmen.nl logged in","timestamp":"2:45:00 AM"}
{"level":"warn","message":"Invalid Token on request: /login/verify","timestamp":"2:46:30 AM"}
{"level":"warn","message":"Invalid Token on request: /login/verify","timestamp":"2:47:48 AM"}
{"level":"warn","message":"Invalid Token on request: /login/verify","timestamp":"2:48:17 AM"}
{"level":"warn","message":"Invalid Token on request: /login/verify","timestamp":"2:48:53 AM"}
{"level":"warn","message":"Invalid Token on request: /login/verify","timestamp":"2:49:08 AM"}
{"level":"warn","message":"Invalid Token on request: /login/verify","timestamp":"2:49:08 AM"}
{"level":"warn","message":"Invalid Token on request: /login/verify","timestamp":"2:49:25 AM"}
{"level":"warn","message":"Invalid Token on request: /login/verify","timestamp":"2:49:25 AM"}
{"level":"warn","message":"Invalid Token on request: /login/verify","timestamp":"2:53:39 AM"}
{"level":"warn","message":"Invalid Token on request: /login/verify","timestamp":"2:53:39 AM"}
{"level":"warn","message":"Invalid Token on request: /login/verify","timestamp":"2:54:51 AM"}
{"level":"warn","message":"Invalid Token on request: /login/verify","timestamp":"2:54:51 AM"}
{"level":"warn","message":"Invalid Token on request: /login/verify","timestamp":"2:55:12 AM"}
{"level":"warn","message":"Invalid Token on request: /login/verify","timestamp":"2:57:12 AM"}
{"level":"warn","message":"Invalid Token on request: /login/verify","timestamp":"2:57:12 AM"}
{"level":"warn","message":"Invalid Token on request: /login/verify","timestamp":"2:58:39 AM"}
{"level":"warn","message":"Invalid Token on request: /login/verify","timestamp":"2:58:39 AM"}
{"level":"warn","message":"Invalid Token on request: /login/verify","timestamp":"3:00:18 AM"}
{"level":"warn","message":"Invalid Token on request: /login/verify","timestamp":"3:02:07 AM"}
{"level":"warn","message":"Invalid Token on request: /login/verify","timestamp":"3:02:07 AM"}
{"level":"warn","message":"Invalid Token on request: /login/verify","timestamp":"3:03:12 AM"}
{"level":"warn","message":"Invalid Token on request: /login/verify","timestamp":"3:03:32 AM"}
{"level":"warn","message":"Invalid Token on request: /login/verify","timestamp":"3:04:37 AM"}
{"level":"info","message":"Login: niek.heezemans@frontmen.nl logged in","timestamp":"3:04:42 AM"}
{"level":"info","message":"Passport: niek.heezemans@frontmen.nl requested an API","timestamp":"3:04:42 AM"}
{"level":"info","message":"Login: niek.heezemans@frontmen.nl logged in","timestamp":"3:04:51 AM"}
{"level":"info","message":"Passport: niek.heezemans@frontmen.nl requested an API","timestamp":"3:04:51 AM"}
{"level":"info","message":"Passport: niek.heezemans@frontmen.nl requested an API","timestamp":"3:08:31 AM"}
{"level":"info","message":"Passport: niek.heezemans@frontmen.nl requested an API","timestamp":"3:08:46 AM"}
{"level":"info","message":"Passport: niek.heezemans@frontmen.nl requested an API","timestamp":"3:08:46 AM"}
{"level":"info","message":"Passport: niek.heezemans@frontmen.nl requested an API","timestamp":"3:09:04 AM"}
{"level":"info","message":"Passport: niek.heezemans@frontmen.nl requested an API","timestamp":"3:09:04 AM"}
{"level":"info","message":"Passport: niek.heezemans@frontmen.nl requested an API","timestamp":"3:09:18 AM"}
{"level":"info","message":"Passport: niek.heezemans@frontmen.nl requested an API","timestamp":"3:09:18 AM"}
{"level":"info","message":"Passport: niek.heezemans@frontmen.nl requested an API","timestamp":"3:09:37 AM"}
{"level":"info","message":"Passport: niek.heezemans@frontmen.nl requested an API","timestamp":"3:09:37 AM"}
{"level":"info","message":"Passport: niek.heezemans@frontmen.nl requested an API","timestamp":"3:10:00 AM"}
{"level":"info","message":"Passport: niek.heezemans@frontmen.nl requested an API","timestamp":"3:10:00 AM"}
{"level":"info","message":"Passport: niek.heezemans@frontmen.nl requested an API","timestamp":"3:13:48 AM"}
{"level":"info","message":"Passport: niek.heezemans@frontmen.nl requested an API","timestamp":"3:13:48 AM"}
{"level":"info","message":"Passport: niek.heezemans@frontmen.nl requested an API","timestamp":"3:14:02 AM"}
{"level":"info","message":"Passport: niek.heezemans@frontmen.nl requested an API","timestamp":"3:14:02 AM"}
{"level":"info","message":"Passport: niek.heezemans@frontmen.nl requested an API","timestamp":"3:14:08 AM"}
{"level":"info","message":"Passport: niek.heezemans@frontmen.nl requested an API","timestamp":"3:14:08 AM"}
{"level":"info","message":"Passport: niek.heezemans@frontmen.nl requested an API","timestamp":"3:14:36 AM"}
{"level":"info","message":"Passport: niek.heezemans@frontmen.nl requested an API","timestamp":"3:14:36 AM"}
{"level":"info","message":"Passport: niek.heezemans@frontmen.nl requested an API","timestamp":"3:14:39 AM"}
{"level":"info","message":"Passport: niek.heezemans@frontmen.nl requested an API","timestamp":"3:14:39 AM"}
{"level":"info","message":"Passport: niek.heezemans@frontmen.nl requested an API","timestamp":"3:14:45 AM"}
{"level":"info","message":"Passport: niek.heezemans@frontmen.nl requested an API","timestamp":"3:14:45 AM"}
{"level":"info","message":"Passport: niek.heezemans@frontmen.nl requested an API","timestamp":"3:15:13 AM"}
{"level":"info","message":"Passport: niek.heezemans@frontmen.nl requested an API","timestamp":"3:15:13 AM"}
{"level":"info","message":"Passport: niek.heezemans@frontmen.nl requested an API","timestamp":"3:15:26 AM"}
{"level":"info","message":"Passport: niek.heezemans@frontmen.nl requested an API","timestamp":"3:15:26 AM"}
{"level":"info","message":"Passport: niek.heezemans@frontmen.nl requested an API","timestamp":"3:15:56 AM"}
{"level":"info","message":"Passport: niek.heezemans@frontmen.nl requested an API","timestamp":"3:15:56 AM"}
{"level":"warn","message":"Invalid Token on request: /login/verify","timestamp":"3:16:16 AM"}
{"level":"warn","message":"Invalid Token on request: /login/verify","timestamp":"3:16:16 AM"}
{"level":"warn","message":"Invalid Token on request: /login/verify","timestamp":"3:17:41 AM"}
{"level":"info","message":"Login: niek.heezemans@frontmen.nl logged in","timestamp":"12:54:26 PM"}
{"level":"info","message":"Login: niek.heezemans@frontmen.nl logged in","timestamp":"12:55:03 PM"}
{"level":"info","message":"Login: niek.heezemans@frontmen.nl logged in","timestamp":"12:59:07 PM"}
{"level":"warn","message":"Invalid Token on request: /login/verify","timestamp":"1:06:00 PM"}
{"level":"warn","message":"Invalid Token on request: /login/verify","timestamp":"1:06:00 PM"}
{"level":"warn","message":"Invalid Token on request: /login/verify","timestamp":"1:06:09 PM"}
{"level":"warn","message":"Invalid Token on request: /login/verify","timestamp":"1:06:09 PM"}
{"level":"info","message":"Login: niek.heezemans@frontmen.nl logged in","timestamp":"1:06:33 PM"}
{"level":"info","message":"Passport: niek.heezemans@frontmen.nl requested an API","timestamp":"1:06:33 PM"}
{"level":"info","message":"Passport: niek.heezemans@frontmen.nl requested an API","timestamp":"1:06:33 PM"}
{"level":"info","message":"Passport: niek.heezemans@frontmen.nl requested an API","timestamp":"1:08:32 PM"}
{"level":"info","message":"Passport: niek.heezemans@frontmen.nl requested an API","timestamp":"1:08:32 PM"}
{"level":"info","message":"Passport: niek.heezemans@frontmen.nl requested an API","timestamp":"1:09:37 PM"}
{"level":"info","message":"Passport: niek.heezemans@frontmen.nl requested an API","timestamp":"1:09:37 PM"}
{"level":"info","message":"Login: niek.heezemans@frontmen.nl logged in","timestamp":"1:09:42 PM"}
{"level":"info","message":"Passport: niek.heezemans@frontmen.nl requested an API","timestamp":"1:09:42 PM"}
{"level":"info","message":"Passport: niek.heezemans@frontmen.nl requested an API","timestamp":"1:09:42 PM"}
{"level":"info","message":"Login: niek.heezemans@frontmen.nl logged in","timestamp":"1:10:08 PM"}
{"level":"info","message":"Passport: niek.heezemans@frontmen.nl requested an API","timestamp":"1:10:08 PM"}
{"level":"info","message":"Passport: niek.heezemans@frontmen.nl requested an API","timestamp":"1:10:08 PM"}
{"level":"info","message":"Passport: niek.heezemans@frontmen.nl requested an API","timestamp":"1:11:04 PM"}
{"level":"info","message":"Passport: niek.heezemans@frontmen.nl requested an API","timestamp":"1:11:28 PM"}
{"level":"warn","message":"Invalid Token on request: /login/verify","timestamp":"1:12:07 PM"}
{"level":"warn","message":"Invalid Token on request: /login/verify","timestamp":"1:12:30 PM"}
{"level":"warn","message":"Invalid Token on request: /login/verify","timestamp":"1:13:13 PM"}
{"level":"warn","message":"Invalid Token on request: /login/verify","timestamp":"1:13:26 PM"}
{"level":"warn","message":"Invalid Token on request: /login/verify","timestamp":"1:14:15 PM"}
{"level":"warn","message":"Invalid Token on request: /login/verify","timestamp":"1:15:06 PM"}
{"level":"warn","message":"Invalid Token on request: /login/verify","timestamp":"1:15:10 PM"}
{"level":"info","message":"Login: niek.heezemans@frontmen.nl logged in","timestamp":"1:15:16 PM"}
{"level":"info","message":"Passport: niek.heezemans@frontmen.nl requested an API","timestamp":"1:15:16 PM"}
{"level":"info","message":"Login: niek.heezemans@frontmen.nl logged in","timestamp":"1:16:29 PM"}
{"level":"info","message":"Passport: niek.heezemans@frontmen.nl requested an API","timestamp":"1:16:30 PM"}
{"level":"info","message":"Passport: niek.heezemans@frontmen.nl requested an API","timestamp":"1:16:30 PM"}
{"level":"info","message":"Passport: niek.heezemans@frontmen.nl requested an API","timestamp":"1:18:17 PM"}
{"level":"info","message":"Passport: niek.heezemans@frontmen.nl requested an API","timestamp":"1:20:23 PM"}
{"level":"info","message":"Passport: niek.heezemans@frontmen.nl requested an API","timestamp":"1:20:26 PM"}
{"level":"info","message":"Passport: niek.heezemans@frontmen.nl requested an API","timestamp":"1:23:22 PM"}
{"level":"warn","message":"Invalid Token on request: /login/verify","timestamp":"1:23:41 PM"}
{"level":"info","message":"Login: niek.heezemans@frontmen.nl logged in","timestamp":"1:27:24 PM"}
{"level":"info","message":"Passport: niek.heezemans@frontmen.nl requested an API","timestamp":"1:27:24 PM"}
{"level":"warn","message":"Invalid Token on request: /login/verify","timestamp":"1:27:38 PM"}
{"level":"warn","message":"Invalid Token on request: /login/verify","timestamp":"1:27:42 PM"}
{"level":"info","message":"Login: niek.heezemans@frontmen.nl logged in","timestamp":"1:40:28 PM"}
{"level":"info","message":"Passport: niek.heezemans@frontmen.nl requested an API","timestamp":"1:40:28 PM"}
{"level":"info","message":"Passport: niek.heezemans@frontmen.nl requested an API","timestamp":"1:49:48 PM"}
{"level":"info","message":"Passport: niek.heezemans@frontmen.nl requested an API","timestamp":"1:50:10 PM"}
{"level":"warn","message":"Invalid Token on request: /login/verify","timestamp":"1:50:21 PM"}
{"level":"warn","message":"Invalid Token on request: /login/verify","timestamp":"1:54:04 PM"}
{"level":"info","message":"Login: niek.heezemans@frontmen.nl logged in","timestamp":"1:54:08 PM"}
{"level":"info","message":"Passport: niek.heezemans@frontmen.nl requested an API","timestamp":"1:54:08 PM"}
{"level":"info","message":"Passport: niek.heezemans@frontmen.nl requested an API","timestamp":"1:54:13 PM"}
{"level":"info","message":"Passport: niek.heezemans@frontmen.nl requested an API","timestamp":"1:56:45 PM"}
{"level":"info","message":"Passport: niek.heezemans@frontmen.nl requested an API","timestamp":"1:57:49 PM"}
{"level":"info","message":"Passport: niek.heezemans@frontmen.nl requested an API","timestamp":"1:58:44 PM"}
{"level":"info","message":"Passport: niek.heezemans@frontmen.nl requested an API","timestamp":"1:59:29 PM"}
{"level":"info","message":"Passport: niek.heezemans@frontmen.nl requested an API","timestamp":"1:59:56 PM"}
{"level":"info","message":"Passport: niek.heezemans@frontmen.nl requested an API","timestamp":"2:00:11 PM"}
{"level":"info","message":"Login: niek.heezemans@frontmen.nl logged in","timestamp":"2:01:15 PM"}
{"level":"info","message":"Passport: niek.heezemans@frontmen.nl requested an API","timestamp":"2:01:15 PM"}
{"level":"info","message":"Login: niek.heezemans@frontmen.nl logged in","timestamp":"2:02:24 PM"}
{"level":"info","message":"Passport: niek.heezemans@frontmen.nl requested an API","timestamp":"2:02:25 PM"}
{"level":"info","message":"Passport: niek.heezemans@frontmen.nl requested an API","timestamp":"2:03:28 PM"}
{"level":"info","message":"Passport: niek.heezemans@frontmen.nl requested an API","timestamp":"2:05:21 PM"}
{"level":"info","message":"Passport: niek.heezemans@frontmen.nl requested an API","timestamp":"2:06:45 PM"}
{"level":"info","message":"Passport: niek.heezemans@frontmen.nl requested an API","timestamp":"2:10:01 PM"}
{"level":"info","message":"Passport: niek.heezemans@frontmen.nl requested an API","timestamp":"2:11:00 PM"}
{"level":"info","message":"Passport: niek.heezemans@frontmen.nl requested an API","timestamp":"2:11:10 PM"}
{"level":"info","message":"Login: niek.heezemans@frontmen.nl logged in","timestamp":"2:11:18 PM"}
{"level":"info","message":"Passport: niek.heezemans@frontmen.nl requested an API","timestamp":"2:11:18 PM"}
{"level":"info","message":"Login: niek.heezemans@frontmen.nl logged in","timestamp":"2:11:32 PM"}
{"level":"info","message":"Passport: niek.heezemans@frontmen.nl requested an API","timestamp":"2:11:32 PM"}
{"level":"info","message":"Login: niek.heezemans@frontmen.nl logged in","timestamp":"2:11:51 PM"}
{"level":"info","message":"Passport: niek.heezemans@frontmen.nl requested an API","timestamp":"2:11:51 PM"}
{"level":"warn","message":"Invalid Token on request: /login/verify","timestamp":"2:18:21 PM"}
{"level":"info","message":"Login: niek.heezemans@frontmen.nl logged in","timestamp":"2:38:03 PM"}
{"level":"info","message":"Passport: niek.heezemans@frontmen.nl requested an API","timestamp":"2:38:03 PM"}
{"level":"info","message":"Passport: niek.heezemans@frontmen.nl requested an API","timestamp":"2:40:26 PM"}
{"level":"info","message":"Passport: niek.heezemans@frontmen.nl requested an API","timestamp":"2:40:34 PM"}
{"level":"info","message":"Passport: niek.heezemans@frontmen.nl requested an API","timestamp":"2:41:20 PM"}
{"level":"info","message":"Passport: niek.heezemans@frontmen.nl requested an API","timestamp":"2:42:16 PM"}
{"level":"info","message":"Passport: niek.heezemans@frontmen.nl requested an API","timestamp":"2:42:29 PM"}
{"level":"info","message":"Passport: niek.heezemans@frontmen.nl requested an API","timestamp":"2:42:49 PM"}
{"level":"info","message":"Passport: niek.heezemans@frontmen.nl requested an API","timestamp":"2:43:46 PM"}
{"level":"info","message":"Passport: niek.heezemans@frontmen.nl requested an API","timestamp":"2:43:54 PM"}
{"level":"info","message":"Passport: niek.heezemans@frontmen.nl requested an API","timestamp":"2:43:59 PM"}
{"level":"info","message":"Passport: niek.heezemans@frontmen.nl requested an API","timestamp":"3:09:23 PM"}
{"level":"info","message":"Login: niek.heezemans@frontmen.nl logged in","timestamp":"3:09:55 PM"}
{"level":"info","message":"Passport: niek.heezemans@frontmen.nl requested an API","timestamp":"3:09:55 PM"}
{"level":"info","message":"Passport: niek.heezemans@frontmen.nl requested an API","timestamp":"3:10:26 PM"}
{"level":"info","message":"Passport: niek.heezemans@frontmen.nl requested an API","timestamp":"3:10:35 PM"}
{"level":"info","message":"Passport: niek.heezemans@frontmen.nl requested an API","timestamp":"3:10:53 PM"}
{"level":"info","message":"Passport: niek.heezemans@frontmen.nl requested an API","timestamp":"3:11:00 PM"}
{"level":"info","message":"Passport: niek.heezemans@frontmen.nl requested an API","timestamp":"3:11:14 PM"}
{"level":"info","message":"Login: niek.heezemans@frontmen.nl logged in","timestamp":"3:12:07 PM"}
{"level":"info","message":"Passport: niek.heezemans@frontmen.nl requested an API","timestamp":"3:12:07 PM"}
{"level":"info","message":"Passport: niek.heezemans@frontmen.nl requested an API","timestamp":"3:12:58 PM"}
{"level":"info","message":"Passport: niek.heezemans@frontmen.nl requested an API","timestamp":"3:13:15 PM"}
{"level":"warn","message":"Token Expired on request: /login/verify","timestamp":"5:35:05 PM"}
{"level":"warn","message":"Token Expired on request: /login/verify","timestamp":"5:35:05 PM"}
{"level":"info","message":"Login: niek.heezemans@frontmen.nl logged in","timestamp":"5:35:15 PM"}
{"level":"info","message":"Passport: niek.heezemans@frontmen.nl requested an API","timestamp":"5:35:15 PM"}
{"level":"info","message":"Passport: niek.heezemans@frontmen.nl requested an API","timestamp":"5:35:29 PM"}
{"level":"info","message":"Passport: niek.heezemans@frontmen.nl requested an API","timestamp":"5:36:07 PM"}
{"level":"info","message":"Passport: niek.heezemans@frontmen.nl requested an API","timestamp":"5:38:05 PM"}
{"level":"info","message":"Login: niek.heezemans@frontmen.nl logged in","timestamp":"5:38:09 PM"}
{"level":"info","message":"Passport: niek.heezemans@frontmen.nl requested an API","timestamp":"5:38:09 PM"}
{"level":"info","message":"Passport: niek.heezemans@frontmen.nl requested an API","timestamp":"5:38:55 PM"}
{"level":"info","message":"Passport: niek.heezemans@frontmen.nl requested an API","timestamp":"5:39:23 PM"}
{"level":"info","message":"Passport: niek.heezemans@frontmen.nl requested an API","timestamp":"5:41:04 PM"}
{"level":"info","message":"Passport: niek.heezemans@frontmen.nl requested an API","timestamp":"5:42:30 PM"}
{"level":"info","message":"Passport: niek.heezemans@frontmen.nl requested an API","timestamp":"5:46:11 PM"}
{"level":"info","message":"Passport: niek.heezemans@frontmen.nl requested an API","timestamp":"5:46:26 PM"}
{"level":"info","message":"Passport: niek.heezemans@frontmen.nl requested an API","timestamp":"5:47:30 PM"}
{"level":"info","message":"Passport: niek.heezemans@frontmen.nl requested an API","timestamp":"5:49:50 PM"}
{"level":"info","message":"Login: niek.heezemans@frontmen.nl logged in","timestamp":"5:50:21 PM"}
{"level":"info","message":"Passport: niek.heezemans@frontmen.nl requested an API","timestamp":"5:50:21 PM"}
{"level":"info","message":"Login: niek.heezemans@frontmen.nl logged in","timestamp":"5:51:29 PM"}
{"level":"info","message":"Passport: niek.heezemans@frontmen.nl requested an API","timestamp":"5:51:29 PM"}
{"level":"info","message":"Login: niek.heezemans@frontmen.nl logged in","timestamp":"5:51:45 PM"}
{"level":"info","message":"Passport: niek.heezemans@frontmen.nl requested an API","timestamp":"5:51:45 PM"}
{"level":"info","message":"Login: niek.heezemans@frontmen.nl logged in","timestamp":"5:52:04 PM"}
{"level":"info","message":"Passport: niek.heezemans@frontmen.nl requested an API","timestamp":"5:52:04 PM"}
{"level":"info","message":"Passport: niek.heezemans@frontmen.nl requested an API","timestamp":"5:52:59 PM"}
{"level":"info","message":"Passport: niek.heezemans@frontmen.nl requested an API","timestamp":"5:53:14 PM"}
{"level":"info","message":"Passport: niek.heezemans@frontmen.nl requested an API","timestamp":"5:53:31 PM"}
{"level":"info","message":"Passport: niek.heezemans@frontmen.nl requested an API","timestamp":"5:53:57 PM"}
{"level":"info","message":"Passport: niek.heezemans@frontmen.nl requested an API","timestamp":"5:54:58 PM"}
{"level":"info","message":"Passport: niek.heezemans@frontmen.nl requested an API","timestamp":"5:56:45 PM"}
{"level":"info","message":"Passport: niek.heezemans@frontmen.nl requested an API","timestamp":"5:58:35 PM"}
{"level":"warn","message":"Invalid Token on request: /users/myjokes","timestamp":"6:02:13 PM"}
{"level":"info","message":"Login: niek.heezemans@frontmen.nl logged in","timestamp":"6:02:25 PM"}
{"level":"info","message":"Passport: niek.heezemans@frontmen.nl requested an API","timestamp":"6:02:25 PM"}
{"level":"info","message":"Login: niek.heezemans@frontmen.nl logged in","timestamp":"6:02:57 PM"}
{"level":"warn","message":"Invalid Token on request: /users/myjokes","timestamp":"6:03:22 PM"}
{"level":"warn","message":"Invalid Token on request: /users/myjokes","timestamp":"6:03:48 PM"}
{"level":"warn","message":"Invalid Token on request: /users/myjokes","timestamp":"6:03:59 PM"}
{"level":"warn","message":"Invalid Token on request: /users/myjokes","timestamp":"6:04:07 PM"}
{"level":"warn","message":"Invalid Token on request: /cache/clear","timestamp":"6:04:21 PM"}
{"level":"warn","message":"Invalid Token on request: /users/myjokes","timestamp":"6:04:24 PM"}
{"level":"info","message":"Login: niek.heezemans@frontmen.nl logged in","timestamp":"6:05:41 PM"}
{"level":"warn","message":"Invalid Token on request: /users/myjokes","timestamp":"6:07:38 PM"}
{"level":"info","message":"Passport: niek.heezemans@frontmen.nl requested an API","timestamp":"6:07:50 PM"}
{"level":"info","message":"Admin User Created. Email: niek.heezemans@frontmen.nl - Username: admin","timestamp":"7:56:02 PM"}
{"level":"info","message":"Admin User Created. Email: niek.heezemans@frontmen.nl - Username: admin","timestamp":"9:05:14 PM"}
{"level":"info","message":"Admin Role ID Created","timestamp":"9:05:14 PM"}
{"level":"info","message":"Admin Branch ID Created","timestamp":"9:05:14 PM"}
{"level":"info","message":"Login: niek.heezemans@frontmen.nl logged in","timestamp":"9:14:51 PM"}
{"level":"info","message":"Admin User Created. Email: niek.heezemans@frontmen.nl - Username: admin","timestamp":"9:40:26 PM"}
{"level":"info","message":"Admin Role ID Created","timestamp":"9:40:27 PM"}
{"level":"info","message":"Admin Branch ID Created","timestamp":"9:40:27 PM"}
{"level":"info","message":"Login: niek.heezemans@frontmen.nl logged in","timestamp":"9:44:35 PM"}
