{"level":"warn","message":"Login: Username or Email nick@ropervaluation.com tried to login but does not exist","timestamp":"12:14:17 AM"}
{"level":"warn","message":"Login: Username or Email nick@ropervaluation.com tried to login but does not exist","timestamp":"12:14:21 AM"}
{"level":"warn","message":"Login: Username or Email nick@ropervaluation.com tried to login but does not exist","timestamp":"12:19:39 AM"}
{"level":"warn","message":"Login: Username or Email nick@ropervaluation.com tried to login but does not exist","timestamp":"12:20:06 AM"}
{"level":"warn","message":"Login: Username or Email nick@ropervaluation.com tried to login but does not exist","timestamp":"12:21:13 AM"}
{"level":"warn","message":"Login: Username or Email nick@ropervaluation.com tried to login but does not exist","timestamp":"12:21:18 AM"}
{"level":"warn","message":"Login: Username or Email nick@ropervaluation.com tried to login but does not exist","timestamp":"12:22:18 AM"}
{"level":"warn","message":"Login: Username or Email nick@ropervaluation.com tried to login but does not exist","timestamp":"12:22:26 AM"}
{"level":"warn","message":"Login: Username or Email nick@ropervaluation.com tried to login but does not exist","timestamp":"12:22:28 AM"}
{"level":"warn","message":"Login: niek.heezemans@frontmen.nl provided a wrong password","timestamp":"12:22:45 AM"}
{"level":"warn","message":"Login: Username or Email nick@ropervaluation.com tried to login but does not exist","timestamp":"12:37:40 AM"}
{"level":"warn","message":"Login: Username or Email nick@ropervaluation.com tried to login but does not exist","timestamp":"12:37:51 AM"}
{"level":"warn","message":"Login: niek.heezemans@frontmen.nl provided a wrong password","timestamp":"12:39:09 AM"}
{"level":"info","message":"Login: niek.heezemans@frontmen.nl logged in","timestamp":"12:39:13 AM"}
{"level":"warn","message":"Login: niek.heezemans@frontmen.nl provided a wrong password","timestamp":"12:41:36 AM"}
{"level":"info","message":"Login: niek.heezemans@frontmen.nl logged in","timestamp":"12:41:40 AM"}
{"level":"info","message":"Login: niek.heezemans@frontmen.nl logged in","timestamp":"12:42:37 AM"}
{"level":"info","message":"Login: niek.heezemans@frontmen.nl logged in","timestamp":"12:42:42 AM"}
{"level":"info","message":"Login: niek.heezemans@frontmen.nl logged in","timestamp":"12:42:47 AM"}
{"level":"warn","message":"Token Expired on request: /login/verify","timestamp":"12:48:00 AM"}
{"level":"warn","message":"Invalid Token on request: /login/verify","timestamp":"12:51:30 AM"}
{"level":"warn","message":"Token Expired on request: /login/verify","timestamp":"12:51:36 AM"}
{"level":"warn","message":"Invalid Token on request: /login/verify","timestamp":"12:53:45 AM"}
{"level":"warn","message":"Token Expired on request: /login/verify","timestamp":"12:53:58 AM"}
{"level":"warn","message":"Invalid Token on request: /login/verify","timestamp":"12:54:02 AM"}
{"level":"warn","message":"Invalid Token on request: /login/verify","timestamp":"12:54:04 AM"}
{"level":"warn","message":"Invalid Token on request: /login/verify","timestamp":"12:54:10 AM"}
{"level":"warn","message":"Invalid Token on request: /login/verify","timestamp":"12:54:25 AM"}
{"level":"warn","message":"Invalid Token on request: /login/verify","timestamp":"12:56:16 AM"}
{"level":"warn","message":"Invalid Token on request: /login/verify","timestamp":"12:56:30 AM"}
{"level":"info","message":"Login: niek.heezemans@frontmen.nl logged in","timestamp":"12:56:42 AM"}
{"level":"info","message":"Passport: niek.heezemans@frontmen.nl requested an API","timestamp":"12:56:56 AM"}
{"level":"warn","message":"Invalid Token on request: /login/verify","timestamp":"12:56:59 AM"}
